/home/oshekera/git/DataEngineeringCourse/Pandas/venv/bin/python /home/oshekera/git/DataEngineeringCourse/Pandas/practical_task3.py

 Pivot table:
room_type            Entire home/apt  Private room  Shared room
neighbourhood_group
Bronx                     127.506596     66.890937    59.800000
Brooklyn                  178.346202     76.545428    50.773723
Manhattan                 249.257994    116.776622    88.977083
Queens                    147.050573     71.762456    69.020202
Staten Island             173.846591     62.292553    57.444444

 Descriptive statistics:
             price  minimum_nights  number_of_reviews
mean    152.755053        7.029962          23.274466
median  106.000000        3.000000           5.000000
std     240.170260       20.510550          44.550582

 Monthly price trends:
                  price
last_review
2011-03-31    55.000000
2011-04-30   250.000000
2011-05-31   249.000000
2011-06-30          NaN
2011-07-31          NaN
2011-08-31          NaN
2011-09-30   115.000000
2011-10-31          NaN
2011-11-30          NaN
2011-12-31   199.500000
2012-01-31   162.500000
2012-02-29          NaN
2012-03-31          NaN
2012-04-30          NaN
2012-05-31    65.000000
2012-06-30   137.500000
2012-07-31   107.500000
2012-08-31   186.666667
2012-09-30   240.714286
2012-10-31   200.000000
2012-11-30    71.666667
2012-12-31   103.250000
2013-01-31   173.400000
2013-02-28          NaN
2013-03-31   211.500000
2013-04-30   201.250000
2013-05-31   157.000000
2013-06-30   147.250000
2013-07-31   148.333333
2013-08-31    87.500000
2013-09-30   681.666667
2013-10-31   247.500000
2013-11-30    89.800000
2013-12-31   119.500000
2014-01-31   153.636364
2014-02-28    47.500000
2014-03-31    45.000000
2014-04-30   117.812500
2014-05-31   180.769231
2014-06-30   199.750000
2014-07-31   156.444444
2014-08-31   165.973684
2014-09-30   186.133333
2014-10-31   164.343750
2014-11-30   130.533333
2014-12-31   138.866667
2015-01-31   320.344828
2015-02-28   519.562500
2015-03-31   138.260870
2015-04-30   146.629630
2015-05-31   138.191781
2015-06-30   143.911111
2015-07-31   121.794393
2015-08-31   136.900498
2015-09-30   136.902326
2015-10-31   171.674107
2015-11-30   134.445205
2015-12-31   158.906103
2016-01-31   191.074713
2016-02-29   246.540541
2016-03-31   115.500000
2016-04-30   121.155039
2016-05-31   136.508475
2016-06-30   121.327935
2016-07-31   126.646667
2016-08-31   133.959770
2016-09-30   166.930403
2016-10-31   156.920635
2016-11-30   147.241573
2016-12-31   194.723958
2017-01-31   147.994366
2017-02-28   136.727273
2017-03-31   129.633663
2017-04-30   158.208589
2017-05-31   126.073260
2017-06-30   125.894737
2017-07-31   155.519298
2017-08-31   112.204134
2017-09-30   133.497253
2017-10-31   123.566038
2017-11-30   134.589641
2017-12-31   148.812183
2018-01-31   134.751812
2018-02-28   111.183099
2018-03-31   156.315789
2018-04-30   119.437700
2018-05-31   130.064838
2018-06-30   131.863874
2018-07-31   127.778656
2018-08-31   139.049419
2018-09-30   145.261417
2018-10-31   134.301120
2018-11-30   139.605357
2018-12-31   160.011628
2019-01-31   140.556250
2019-02-28   145.612766
2019-03-31   136.243902
2019-04-30   143.211538
2019-05-31   139.601894
2019-06-30   141.669657
2019-07-31   144.487831

 Seasonal trends:
            price  number_of_reviews
month
1.0    150.587514          11.195456
2.0    155.716883          12.301299
3.0    136.836957          11.670807
4.0    139.504979          14.503556
5.0    137.968291          20.181025
6.0    140.821481          46.255795
7.0    142.290382          42.700354
8.0    132.133173           7.697660
9.0    149.494463           9.278827
10.0   142.157282           9.811125
11.0   138.532815          10.576857
12.0   160.796610          11.538983

Process finished with exit code 0
